02/12/2022 03:58:33 p. m.	Este registro contiene información acerca de la operación de importación de esquema en el proyecto 'BD_DIAGNOSTICOS' del equipo 'ALEPH' por el usuario 'drago'.
02/12/2022 03:58:33 p. m.	Se inició la importación del esquema de la base de datos.
02/12/2022 03:58:37 p. m.	Recopilando credenciales de la base de datos
02/12/2022 03:58:37 p. m.	Recopilando opciones de base de datos
02/12/2022 03:58:37 p. m.	Recopilando la opción de configuración de ámbito de la base de datos genérica
02/12/2022 03:58:37 p. m.	Recopilando usuarios
02/12/2022 03:58:37 p. m.	Recopilando roles
02/12/2022 03:58:37 p. m.	Recopilando roles de aplicación
02/12/2022 03:58:37 p. m.	Recopilando pertenencias a roles
02/12/2022 03:58:37 p. m.	Recopilando grupos de archivos
02/12/2022 03:58:37 p. m.	Recopilando catálogos de texto completo
02/12/2022 03:58:37 p. m.	Recopilando ensamblados
02/12/2022 03:58:37 p. m.	Recopilando certificados
02/12/2022 03:58:37 p. m.	Recopilando claves asimétricas
02/12/2022 03:58:37 p. m.	Recopilando claves simétricas
02/12/2022 03:58:37 p. m.	Recopilando claves simétricas cifradas
02/12/2022 03:58:37 p. m.	Recopilando esquemas
02/12/2022 03:58:37 p. m.	Recopilando colecciones de esquemas XML
02/12/2022 03:58:37 p. m.	Recopilando tipos de datos definidos por el usuario
02/12/2022 03:58:37 p. m.	Recopilando tipos definidos por el usuario
02/12/2022 03:58:37 p. m.	Recopilando tipos de tabla
02/12/2022 03:58:37 p. m.	Recopilando claves únicas para tipos de tabla
02/12/2022 03:58:37 p. m.	Recopilando claves principales para tipos de tabla
02/12/2022 03:58:37 p. m.	Recopilando índices para tipos de tablas
02/12/2022 03:58:37 p. m.	Recopilando restricciones CHECK para tipos de tabla
02/12/2022 03:58:37 p. m.	Recopilando restricciones DEFAULT para tipos de tabla
02/12/2022 03:58:37 p. m.	Recopilando funciones de partición
02/12/2022 03:58:37 p. m.	Recopilando esquemas de partición
02/12/2022 03:58:37 p. m.	Recopilando funciones
02/12/2022 03:58:37 p. m.	Recopilando funciones cifradas
02/12/2022 03:58:37 p. m.	Recopilando agregados
02/12/2022 03:58:37 p. m.	Recopilando procedimientos
02/12/2022 03:58:37 p. m.	Recopilando procedimientos cifrados
02/12/2022 03:58:37 p. m.	Recopilando tablas
02/12/2022 03:58:37 p. m.	Recopilando claves principales
02/12/2022 03:58:37 p. m.	Recopilando restricciones UNIQUE
02/12/2022 03:58:37 p. m.	Recopilando claves externas
02/12/2022 03:58:37 p. m.	Recopilando restricciones DEFAULT
02/12/2022 03:58:37 p. m.	Recopilando restricciones CHECK
02/12/2022 03:58:37 p. m.	Recopilando vistas
02/12/2022 03:58:37 p. m.	Recopilando vistas cifradas
02/12/2022 03:58:37 p. m.	Recopilando índices
02/12/2022 03:58:37 p. m.	Recopilando estadísticas
02/12/2022 03:58:37 p. m.	Recopilando listas de palabras irrelevantes de índices de texto completo
02/12/2022 03:58:37 p. m.	Recopilando listas de propiedades de búsqueda
02/12/2022 03:58:37 p. m.	Recopilando propiedades de búsqueda
02/12/2022 03:58:37 p. m.	Recopilando índices de texto completo
02/12/2022 03:58:37 p. m.	Recopilando índices de almacenamiento de columnas
02/12/2022 03:58:37 p. m.	Recopilando índices espaciales
02/12/2022 03:58:37 p. m.	Recopilando índices XML
02/12/2022 03:58:37 p. m.	Recopilando índices XML selectivos
02/12/2022 03:58:37 p. m.	Recopilando desencadenadores cifrados
02/12/2022 03:58:37 p. m.	Recopilando desencadenadores
02/12/2022 03:58:37 p. m.	Recopilando DDL triggers cifrados y de CLR
02/12/2022 03:58:37 p. m.	Recopilando DDL triggers
02/12/2022 03:58:37 p. m.	Creación de la restricción perimetral en curso
02/12/2022 03:58:37 p. m.	Recopilando sinónimos
02/12/2022 03:58:37 p. m.	Recopilando valores predeterminados
02/12/2022 03:58:37 p. m.	Recopilando enlaces UDDT de restricción de datos
02/12/2022 03:58:37 p. m.	Recopilando reglas
02/12/2022 03:58:37 p. m.	Recopilando enlaces UDDT de restricción de datos
02/12/2022 03:58:37 p. m.	Recopilando tipos de mensaje
02/12/2022 03:58:37 p. m.	Recopilando colas
02/12/2022 03:58:37 p. m.	Recopilando contratos
02/12/2022 03:58:37 p. m.	Recopilando servicios
02/12/2022 03:58:37 p. m.	Recopilando notificaciones de eventos
02/12/2022 03:58:37 p. m.	Recopilando enlaces de servicio remoto
02/12/2022 03:58:37 p. m.	Recopilando prioridades de Broker
02/12/2022 03:58:37 p. m.	Recopilando firmas
02/12/2022 03:58:37 p. m.	Recopilando opciones de compresión de datos
02/12/2022 03:58:37 p. m.	Recopilando tipos de secuencia
02/12/2022 03:58:37 p. m.	Recopilando directivas de seguridad
02/12/2022 03:58:37 p. m.	Recopilar claves de cifrado de columna
02/12/2022 03:58:37 p. m.	Recopilando claves maestras de columna
02/12/2022 03:58:37 p. m.	Recopilando orígenes de datos externos
02/12/2022 03:58:37 p. m.	Recopilando formatos de archivo externos
02/12/2022 03:58:37 p. m.	Recopilando tablas externas
02/12/2022 03:58:37 p. m.	Recopilando propiedades extendidas
02/12/2022 03:58:37 p. m.	Recopilando ensamblados
02/12/2022 03:58:37 p. m.	Recopilando credenciales
02/12/2022 03:58:37 p. m.	Recopilando inicios de sesión
02/12/2022 03:58:37 p. m.	Recopilando auditorías de servidor
02/12/2022 03:58:38 p. m.	Buscando elementos duplicados en el proyecto
02/12/2022 03:58:38 p. m.	Ha finalizado el procesamiento de los elementos duplicados
02/12/2022 03:58:39 p. m.	Finalizó la importación de la base de datos.
02/12/2022 03:58:39 p. m.	Se guardó un resumen de la importación en la siguiente ubicación: C:\Users\drago\source\repos\Databases\BD_DIAGNOSTICOS\Registros de importación de esquemas\BD_DIAGNOSTICOS_20221202095833.log
02/12/2022 03:58:39 p. m.	Haga clic en Finalizar para continuar...
